#
# There is insufficient memory for the Java Runtime Environment to continue.
# Native memory allocation (mmap) failed to map 268435456 bytes for Failed to commit area from 0x0000000700c00000 to 0x0000000710c00000 of length 268435456.
# Possible reasons:
#   The system is out of physical RAM or swap space
#   The process is running with CompressedOops enabled, and the Java Heap may be blocking the growth of the native heap
# Possible solutions:
#   Reduce memory load on the system
#   Increase physical memory or swap space
#   Check if swap backing store is full
#   Decrease Java heap size (-Xmx/-Xms)
#   Decrease number of Java threads
#   Decrease Java thread stack sizes (-Xss)
#   Set larger code cache with -XX:ReservedCodeCacheSize=
# This output file may be truncated or incomplete.
#
#  Out of Memory Error (./src/hotspot/os/windows/os_windows.cpp:3303), pid=19240, tid=8084
#
# JRE version:  (11.0.8+10) (build )
# Java VM: OpenJDK 64-Bit Server VM (11.0.8+10-b944.34, mixed mode, sharing, tiered, compressed oops, g1 gc, windows-amd64)
# No core dump will be written. Minidumps are not enabled by default on client versions of Windows
#

---------------  S U M M A R Y ------------

Command Line: org.jetbrains.git4idea.http.GitAskPassApp Username for 'https://gitee.com': 

Host: AMD Ryzen 5 2600 Six-Core Processor            , 12 cores, 15G,  Windows 10 , 64 bit Build 19041 (10.0.19041.928)
Time: Fri May 14 17:34:22 2021 中国标准时间 elapsed time: 0 seconds (0d 0h 0m 0s)

---------------  T H R E A D  ---------------

Current thread (0x000001e8f9db0800):  JavaThread "Unknown thread" [_thread_in_vm, id=8084, stack(0x000000df06d00000,0x000000df06e00000)]

Stack: [0x000000df06d00000,0x000000df06e00000]
Native frames: (J=compiled Java code, j=interpreted, Vv=VM code, C=native code)
V  [jvm.dll+0x5de35a]
V  [jvm.dll+0x712355]
V  [jvm.dll+0x7138ad]
V  [jvm.dll+0x713f63]
V  [jvm.dll+0x23e628]
V  [jvm.dll+0x5db804]
V  [jvm.dll+0x5d0925]
V  [jvm.dll+0x2faf9b]
V  [jvm.dll+0x2faf0a]
V  [jvm.dll+0x2fade2]
V  [jvm.dll+0x2ffcb6]
V  [jvm.dll+0x3483a3]
V  [jvm.dll+0x348aa6]
V  [jvm.dll+0x3484a3]
V  [jvm.dll+0x2d5be8]
V  [jvm.dll+0x2d6d87]
V  [jvm.dll+0x6f10e7]
V  [jvm.dll+0x6f28dc]
V  [jvm.dll+0x3558f9]
V  [jvm.dll+0x6d492e]
V  [jvm.dll+0x3bdad3]
V  [jvm.dll+0x3bfd01]
C  [jli.dll+0x5373]
C  [ucrtbase.dll+0x21bb2]
C  [KERNEL32.DLL+0x17034]
C  [ntdll.dll+0x52651]


---------------  P R O C E S S  ---------------

Threads class SMR info:
_java_thread_list=0x000001e8f8430880, length=0, elements={
}

Java Threads: ( => current thread )

Other Threads:
  0x000001e8f9dc8000 GCTaskThread "GC Thread#0" [stack: 0x000000df06e00000,0x000000df06f00000] [id=15588]
  0x000001e8f9e27000 ConcurrentGCThread "G1 Main Marker" [stack: 0x000000df06f00000,0x000000df07000000] [id=21076]
  0x000001e8f9e2a000 ConcurrentGCThread "G1 Conc#0" [stack: 0x000000df07000000,0x000000df07100000] [id=2456]

[error occurred during error reporting (printing all threads), id 0xc0000005, EXCEPTION_ACCESS_VIOLATION (0xc0000005) at pc=0x00007ffe299860c7]

VM state:not at safepoint (not fully initialized)

VM Mutex/Monitor currently owned by a thread:  ([mutex/lock_event])
[0x000001e8f9dac680] Heap_lock - owner thread: 0x000001e8f9db0800

Heap address: 0x0000000700c00000, size: 4084 MB, Compressed Oops mode: Non-zero based: 0x0000000700c00000
Narrow klass base: 0x0000000000000000, Narrow klass shift: 0

GC Heap History (0 events):
No events

Deoptimization events (0 events):
No events

Classes redefined (0 events):
No events

Internal exceptions (0 events):
No events

Events (1 events):
Event: 0.006 Loaded shared library D:\WebStorm 2020.2.3\jbr\bin\zip.dll


Dynamic libraries:
0x00007ff6763d0000 - 0x00007ff6763da000 	D:\WebStorm 2020.2.3\jbr\bin\java.exe
0x00007ffea5130000 - 0x00007ffea5325000 	C:\Windows\SYSTEM32\ntdll.dll
0x00007ffea4780000 - 0x00007ffea483d000 	C:\Windows\System32\KERNEL32.DLL
0x00007ffea2a20000 - 0x00007ffea2ce8000 	C:\Windows\System32\KERNELBASE.dll
0x00007ffea2d70000 - 0x00007ffea2e70000 	C:\Windows\System32\ucrtbase.dll
0x00007ffe928d0000 - 0x00007ffe928e7000 	D:\WebStorm 2020.2.3\jbr\bin\VCRUNTIME140.dll
0x00007ffe8c280000 - 0x00007ffe8c299000 	D:\WebStorm 2020.2.3\jbr\bin\jli.dll
0x00007ffea44a0000 - 0x00007ffea4640000 	C:\Windows\System32\USER32.dll
0x00007ffea2870000 - 0x00007ffea2892000 	C:\Windows\System32\win32u.dll
0x00007ffe98110000 - 0x00007ffe983aa000 	C:\Windows\WinSxS\amd64_microsoft.windows.common-controls_6595b64144ccf1df_6.0.19041.844_none_ca00b6081b84eb1d\COMCTL32.dll
0x00007ffea3190000 - 0x00007ffea31ba000 	C:\Windows\System32\GDI32.dll
0x00007ffea4e70000 - 0x00007ffea4f0e000 	C:\Windows\System32\msvcrt.dll
0x00007ffea2ec0000 - 0x00007ffea2fcb000 	C:\Windows\System32\gdi32full.dll
0x00007ffea28a0000 - 0x00007ffea293d000 	C:\Windows\System32\msvcp_win.dll
0x00007ffea4340000 - 0x00007ffea4370000 	C:\Windows\System32\IMM32.DLL
0x00007ffe88100000 - 0x00007ffe8819d000 	D:\WebStorm 2020.2.3\jbr\bin\msvcp140.dll
0x00007ffe296a0000 - 0x00007ffe2a15d000 	D:\WebStorm 2020.2.3\jbr\bin\server\jvm.dll
0x00007ffea4640000 - 0x00007ffea46ec000 	C:\Windows\System32\ADVAPI32.dll
0x00007ffea4980000 - 0x00007ffea4a1b000 	C:\Windows\System32\sechost.dll
0x00007ffea3240000 - 0x00007ffea336b000 	C:\Windows\System32\RPCRT4.dll
0x00007ffea4490000 - 0x00007ffea4498000 	C:\Windows\System32\PSAPI.DLL
0x00007ffe9d320000 - 0x00007ffe9d329000 	C:\Windows\SYSTEM32\WSOCK32.dll
0x00007ffe98700000 - 0x00007ffe98727000 	C:\Windows\SYSTEM32\WINMM.dll
0x00007ffe9d6d0000 - 0x00007ffe9d6da000 	C:\Windows\SYSTEM32\VERSION.dll
0x00007ffea4a80000 - 0x00007ffea4aeb000 	C:\Windows\System32\WS2_32.dll
0x00007ffea07e0000 - 0x00007ffea07f2000 	C:\Windows\SYSTEM32\kernel.appcore.dll
0x00007ffe8b710000 - 0x00007ffe8b721000 	D:\WebStorm 2020.2.3\jbr\bin\verify.dll
0x00007ffe9bc20000 - 0x00007ffe9be04000 	C:\Windows\SYSTEM32\DBGHELP.DLL
0x00007ffe9bbf0000 - 0x00007ffe9bc1c000 	C:\Windows\SYSTEM32\dbgcore.DLL
0x00007ffea2cf0000 - 0x00007ffea2d70000 	C:\Windows\System32\bcryptPrimitives.dll
0x00007ffe82190000 - 0x00007ffe821b9000 	D:\WebStorm 2020.2.3\jbr\bin\java.dll
0x00007ffe96940000 - 0x00007ffe9694b000 	D:\WebStorm 2020.2.3\jbr\bin\jimage.dll
0x00007ffe888a0000 - 0x00007ffe888b8000 	D:\WebStorm 2020.2.3\jbr\bin\zip.dll

dbghelp: loaded successfully - version: 4.0.5 - missing functions: none
symbol engine: initialized successfully - sym options: 0x614 - pdb path: .;D:\WebStorm 2020.2.3\jbr\bin;C:\Windows\SYSTEM32;C:\Windows\WinSxS\amd64_microsoft.windows.common-controls_6595b64144ccf1df_6.0.19041.844_none_ca00b6081b84eb1d;D:\WebStorm 2020.2.3\jbr\bin\server

VM Arguments:
java_command: org.jetbrains.git4idea.http.GitAskPassApp Username for 'https://gitee.com': 
java_class_path (initial): D:/WebStorm 2020.2.3/plugins/git4idea/lib/git4idea-rt.jar;D:/WebStorm 2020.2.3/lib/xmlrpc-2.0.1.jar;D:/WebStorm 2020.2.3/lib/commons-codec-1.14.jar
Launcher Type: SUN_STANDARD

[Global flags]
     intx CICompilerCount                          = 4                                         {product} {ergonomic}
     uint ConcGCThreads                            = 3                                         {product} {ergonomic}
     uint G1ConcRefinementThreads                  = 10                                        {product} {ergonomic}
   size_t G1HeapRegionSize                         = 1048576                                   {product} {ergonomic}
    uintx GCDrainStackTargetSize                   = 64                                        {product} {ergonomic}
   size_t InitialHeapSize                          = 268435456                                 {product} {ergonomic}
   size_t MarkStackSize                            = 4194304                                   {product} {ergonomic}
   size_t MaxHeapSize                              = 4282384384                                {product} {ergonomic}
   size_t MinHeapDeltaBytes                        = 1048576                                   {product} {ergonomic}
    uintx NonNMethodCodeHeapSize                   = 5836300                                {pd product} {ergonomic}
    uintx NonProfiledCodeHeapSize                  = 122910970                              {pd product} {ergonomic}
    uintx ProfiledCodeHeapSize                     = 122910970                              {pd product} {ergonomic}
    uintx ReservedCodeCacheSize                    = 251658240                              {pd product} {ergonomic}
     bool SegmentedCodeCache                       = true                                      {product} {ergonomic}
     bool UseCompressedClassPointers               = true                                 {lp64_product} {ergonomic}
     bool UseCompressedOops                        = true                                 {lp64_product} {ergonomic}
     bool UseG1GC                                  = true                                      {product} {ergonomic}
     bool UseLargePagesIndividualAllocation        = false                                  {pd product} {ergonomic}

Logging:
Log output configuration:
 #0: stdout all=warning uptime,level,tags
 #1: stderr all=off uptime,level,tags

Environment Variables:
PATH=C:\Program Files\Git\mingw64\libexec\git-core;C:\Program Files\Git\mingw64\libexec\git-core;C:\Program Files\Git\mingw64\bin;C:\Program Files\Git\usr\bin;C:\Users\Administrator\bin;C:\Windows\system32;C:\Windows;C:\Windows\System32\Wbem;C:\Windows\System32\WindowsPowerShell\v1.0;C:\Windows\System32\OpenSSH;C:\Program Files (x86)\NVIDIA Corporation\PhysX\Common;C:\Program Files\NVIDIA Corporation\NVIDIA NvDLISR;C:\ProgramData\chocolatey\bin;C:\Program Files\Git\cmd;C:\Program Files\nodejs;C:\ProgramData\nvm;C:\Program Files\nodejs;C:\Program Files (x86)\Yarn\bin;D:\ffmpeg\bin;E:\DevTools\nginx-1.20.0;C:\Users\Administrator\AppData\Local\Microsoft\WindowsApps;C:\Users\Administrator\AppData\Roaming\npm;C:\Users\Administrator\AppData\Local\Yarn\bin
USERNAME=Administrator
DISPLAY=:0.0
LC_ALL=en_US.UTF-8
OS=Windows_NT
PROCESSOR_IDENTIFIER=AMD64 Family 23 Model 8 Stepping 2, AuthenticAMD



---------------  S Y S T E M  ---------------

OS: Windows 10 , 64 bit Build 19041 (10.0.19041.928)
OS uptime: 1 days 16:30 hours

CPU:total 12 (initial active 12) (12 cores per cpu, 2 threads per core) family 23 model 8 stepping 2, cmov, cx8, fxsr, mmx, sse, sse2, sse3, ssse3, sse4.1, sse4.2, popcnt, avx, avx2, aes, clmul, mmxext, 3dnowpref, lzcnt, sse4a, ht, tsc, tscinvbit, tscinv, bmi1, bmi2, adx, sha, fma

Memory: 4k page, system-wide physical 16333M (7476M free)
TotalPageFile size 22711M (AvailPageFile size 173M)
current process WorkingSet (physical memory assigned to process): 10M, peak: 10M
current process commit charge ("private bytes"): 64M, peak: 320M

vm_info: OpenJDK 64-Bit Server VM (11.0.8+10-b944.34) for windows-amd64 JRE (11.0.8+10-b944.34), built on Sep 11 2020 15:32:11 by "" with MS VC++ 14.0 (VS2015)

END.
